[    0.000000] Linux version 4.15.0-212-generic (buildd@lcy02-amd64-083) (gcc version 7.5.0 (Ubuntu 7.5.0-3ubuntu1~18.04)) #223-Ubuntu SMP Tue May 23 13:09:22 UTC 2023 (Ubuntu 4.15.0-212.223-generic 4.15.18)
[    0.000000] Command line: BOOT_IMAGE=/boot/vmlinuz-4.15.0-212-generic root=LABEL=cloudimg-rootfs ro console=tty1 console=ttyS0
[    0.000000] KERNEL supported cpus:
[    0.000000]   Intel GenuineIntel
[    0.000000]   AMD AuthenticAMD
[    0.000000]   Centaur CentaurHauls
[    0.000000] x86/fpu: Supporting XSAVE feature 0x001: 'x87 floating point registers'
[    0.000000] x86/fpu: Supporting XSAVE feature 0x002: 'SSE registers'
[    0.000000] x86/fpu: Supporting XSAVE feature 0x004: 'AVX registers'
[    0.000000] x86/fpu: xstate_offset[2]:  576, xstate_sizes[2]:  256
[    0.000000] x86/fpu: Enabled xstate features 0x7, context size is 832 bytes, using 'standard' format.
[    0.000000] e820: BIOS-provided physical RAM map:
[    0.000000] BIOS-e820: [mem 0x0000000000000000-0x000000000009fbff] usable
[    0.000000] BIOS-e820: [mem 0x000000000009fc00-0x000000000009ffff] reserved
[    0.000000] BIOS-e820: [mem 0x00000000000f0000-0x00000000000fffff] reserved
[    0.000000] BIOS-e820: [mem 0x0000000000100000-0x000000003ffeffff] usable
[    0.000000] BIOS-e820: [mem 0x000000003fff0000-0x000000003fffffff] ACPI data
[    0.000000] BIOS-e820: [mem 0x00000000fec00000-0x00000000fec00fff] reserved
[    0.000000] BIOS-e820: [mem 0x00000000fee00000-0x00000000fee00fff] reserved
[    0.000000] BIOS-e820: [mem 0x00000000fffc0000-0x00000000ffffffff] reserved
[    0.000000] NX (Execute Disable) protection: active
[    0.000000] SMBIOS 2.5 present.
[    0.000000] DMI: innotek GmbH VirtualBox/VirtualBox, BIOS VirtualBox 12/01/2006
[    0.000000] Hypervisor detected: KVM
[    0.000000] e820: last_pfn = 0x3fff0 max_arch_pfn = 0x400000000
[    0.000000] MTRR: Disabled
[    0.000000] x86/PAT: MTRRs disabled, skipping PAT initialization too.
[    0.000000] CPU MTRRs all blank - virtualized system.
[    0.000000] x86/PAT: Configuration [0-7]: WB  WT  UC- UC  WB  WT  UC- UC  
[    0.000000] found SMP MP-table at [mem 0x0009fff0-0x0009ffff]
[    0.000000] Scanning 1 areas for low memory corruption
[    0.000000] RAMDISK: [mem 0x359cb000-0x36cdcfff]
[    0.000000] ACPI: Early table checksum verification disabled
[    0.000000] ACPI: RSDP 0x00000000000E0000 000024 (v02 VBOX  )
[    0.000000] ACPI: XSDT 0x000000003FFF0030 00003C (v01 VBOX   VBOXXSDT 00000001 ASL  00000061)
[    0.000000] ACPI: FACP 0x000000003FFF00F0 0000F4 (v04 VBOX   VBOXFACP 00000001 ASL  00000061)
[    0.000000] ACPI: DSDT 0x000000003FFF0610 002353 (v02 VBOX   VBOXBIOS 00000002 INTL 20210930)
[    0.000000] ACPI: FACS 0x000000003FFF0200 000040
[    0.000000] ACPI: FACS 0x000000003FFF0200 000040
[    0.000000] ACPI: APIC 0x000000003FFF0240 00005C (v02 VBOX   VBOXAPIC 00000001 ASL  00000061)
[    0.000000] ACPI: SSDT 0x000000003FFF02A0 00036C (v01 VBOX   VBOXCPUT 00000002 INTL 20210930)
[    0.000000] ACPI: Reserving FACP table memory at [mem 0x3fff00f0-0x3fff01e3]
[    0.000000] ACPI: Reserving DSDT table memory at [mem 0x3fff0610-0x3fff2962]
[    0.000000] ACPI: Reserving FACS table memory at [mem 0x3fff0200-0x3fff023f]
[    0.000000] ACPI: Reserving FACS table memory at [mem 0x3fff0200-0x3fff023f]
[    0.000000] ACPI: Reserving APIC table memory at [mem 0x3fff0240-0x3fff029b]
[    0.000000] ACPI: Reserving SSDT table memory at [mem 0x3fff02a0-0x3fff060b]
[    0.000000] No NUMA configuration found
[    0.000000] Faking a node at [mem 0x0000000000000000-0x000000003ffeffff]
[    0.000000] NODE_DATA(0) allocated [mem 0x3ffc5000-0x3ffeffff]
[    0.000000] kvm-clock: cpu 0, msr 0:3ff44001, primary cpu clock
[    0.000000] kvm-clock: Using msrs 4b564d01 and 4b564d00
[    0.000000] kvm-clock: using sched offset of 3408389832 cycles
[    0.000000] clocksource: kvm-clock: mask: 0xffffffffffffffff max_cycles: 0x1cd42e4dffb, max_idle_ns: 881590591483 ns
[    0.000000] Zone ranges:
[    0.000000]   DMA      [mem 0x0000000000001000-0x0000000000ffffff]
[    0.000000]   DMA32    [mem 0x0000000001000000-0x000000003ffeffff]
[    0.000000]   Normal   empty
[    0.000000]   Device   empty
[    0.000000] Movable zone start for each node
[    0.000000] Early memory node ranges
[    0.000000]   node   0: [mem 0x0000000000001000-0x000000000009efff]
[    0.000000]   node   0: [mem 0x0000000000100000-0x000000003ffeffff]
[    0.000000] Reserved but unavailable: 104 pages
[    0.000000] Initmem setup node 0 [mem 0x0000000000001000-0x000000003ffeffff]
[    0.000000] ACPI: PM-Timer IO Port: 0x4008
[    0.000000] IOAPIC[0]: apic_id 2, version 32, address 0xfec00000, GSI 0-23
[    0.000000] ACPI: INT_SRC_OVR (bus 0 bus_irq 0 global_irq 2 dfl dfl)
[    0.000000] ACPI: INT_SRC_OVR (bus 0 bus_irq 9 global_irq 9 low level)
[    0.000000] Using ACPI (MADT) for SMP configuration information
[    0.000000] smpboot: Allowing 2 CPUs, 0 hotplug CPUs
[    0.000000] PM: Registered nosave memory: [mem 0x00000000-0x00000fff]
[    0.000000] PM: Registered nosave memory: [mem 0x0009f000-0x0009ffff]
[    0.000000] PM: Registered nosave memory: [mem 0x000a0000-0x000effff]
[    0.000000] PM: Registered nosave memory: [mem 0x000f0000-0x000fffff]
[    0.000000] e820: [mem 0x40000000-0xfebfffff] available for PCI devices
[    0.000000] Booting paravirtualized kernel on KVM
[    0.000000] clocksource: refined-jiffies: mask: 0xffffffff max_cycles: 0xffffffff, max_idle_ns: 7645519600211568 ns
[    0.000000] setup_percpu: NR_CPUS:8192 nr_cpumask_bits:2 nr_cpu_ids:2 nr_node_ids:1
[    0.000000] percpu: Embedded 50 pages/cpu s167936 r8192 d28672 u1048576
[    0.000000] PV qspinlock hash table entries: 256 (order: 0, 4096 bytes)
[    0.000000] Built 1 zonelists, mobility grouping on.  Total pages: 257913
[    0.000000] Policy zone: DMA32
[    0.000000] Kernel command line: BOOT_IMAGE=/boot/vmlinuz-4.15.0-212-generic root=LABEL=cloudimg-rootfs ro console=tty1 console=ttyS0
[    0.000000] Memory: 982644K/1048120K available (12300K kernel code, 2477K rwdata, 4324K rodata, 2480K init, 2720K bss, 65476K reserved, 0K cma-reserved)
[    0.000000] SLUB: HWalign=64, Order=0-3, MinObjects=0, CPUs=2, Nodes=1
[    0.000000] Kernel/User page tables isolation: enabled
[    0.000000] ftrace: allocating 39508 entries in 155 pages
[    0.004000] Hierarchical RCU implementation.
[    0.004000] 	RCU restricting CPUs from NR_CPUS=8192 to nr_cpu_ids=2.
[    0.004000] 	Tasks RCU enabled.
[    0.004000] RCU: Adjusting geometry for rcu_fanout_leaf=16, nr_cpu_ids=2
[    0.004000] NR_IRQS: 524544, nr_irqs: 440, preallocated irqs: 16
[    0.004000] random: crng init done
[    0.004000] Console: colour VGA+ 80x25
[    0.004000] console [tty1] enabled
[    0.004000] console [ttyS0] enabled
[    0.004000] ACPI: Core revision 20170831
[    0.004000] ACPI: 2 ACPI AML tables successfully acquired and loaded
[    0.004000] APIC: Switch to symmetric I/O mode setup
[    0.004670] x2apic enabled
[    0.008024] Switched APIC routing to physical x2apic.
[    0.016000] ..TIMER: vector=0x30 apic1=0 pin1=2 apic2=-1 pin2=-1
[    0.016005] tsc: Detected 2198.064 MHz processor
[    0.020013] Calibrating delay loop (skipped) preset value.. 4396.12 BogoMIPS (lpj=8792256)
[    0.024009] pid_max: default: 32768 minimum: 301
[    0.027282] Security Framework initialized
[    0.028006] Yama: becoming mindful.
[    0.032104] AppArmor: AppArmor initialized
[    0.037388] Dentry cache hash table entries: 131072 (order: 8, 1048576 bytes)
[    0.040916] Inode-cache hash table entries: 65536 (order: 7, 524288 bytes)
[    0.044055] Mount-cache hash table entries: 2048 (order: 2, 16384 bytes)
[    0.048033] Mountpoint-cache hash table entries: 2048 (order: 2, 16384 bytes)
[    0.053348] Last level iTLB entries: 4KB 1024, 2MB 1024, 4MB 1024
[    0.056005] Last level dTLB entries: 4KB 1024, 2MB 1024, 4MB 1024, 1GB 4
[    0.060008] Spectre V1 : Mitigation: usercopy/swapgs barriers and __user pointer sanitization
[    0.064005] Spectre V2 : Mitigation: Retpolines
[    0.068004] Spectre V2 : Spectre v2 / SpectreRSB mitigation: Filling RSB on context switch
[    0.072004] Spectre V2 : Spectre v2 / SpectreRSB : Filling RSB on VMEXIT
[    0.076003] Speculative Store Bypass: Vulnerable
[    0.080055] MDS: Mitigation: Clear CPU buffers
[    0.084002] MMIO Stale Data: Unknown: No mitigations
[    0.087542] SRBDS: Unknown: Dependent on hypervisor status
[    0.088179] Freeing SMP alternatives memory: 36K
[    0.209708] APIC calibration not consistent with PM-Timer: 102ms instead of 100ms
[    0.212000] APIC delta adjusted to PM-Timer: 6245014 (6373158)
[    0.212231] smpboot: CPU0: Intel(R) Core(TM) i7-4770HQ CPU @ 2.20GHz (family: 0x6, model: 0x46, stepping: 0x1)
[    0.216341] Performance Events: unsupported p6 CPU model 70 no PMU driver, software events only.
[    0.220119] Hierarchical SRCU implementation.
[    0.224248] NMI watchdog: Perf event create on CPU 0 failed with -2
[    0.228004] NMI watchdog: Perf NMI watchdog permanently disabled
[    0.232179] smp: Bringing up secondary CPUs ...
[    0.235543] x86: Booting SMP configuration:
[    0.236004] .... node  #0, CPUs:      #1
[    0.004000] kvm-clock: cpu 1, msr 0:3ff44041, secondary cpu clock
[    0.244101] smp: Brought up 1 node, 2 CPUs
[    0.246639] smpboot: Max logical packages: 1
[    0.248011] smpboot: Total of 2 processors activated (8792.25 BogoMIPS)
[    0.252278] devtmpfs: initialized
[    0.254480] x86/mm: Memory block size: 128MB
[    0.256321] evm: security.selinux
[    0.260004] evm: security.SMACK64
[    0.262632] evm: security.SMACK64EXEC
[    0.264004] evm: security.SMACK64TRANSMUTE
[    0.268002] evm: security.SMACK64MMAP
[    0.270455] evm: security.apparmor
[    0.272007] evm: security.ima
[    0.274034] evm: security.capability
[    0.276419] clocksource: jiffies: mask: 0xffffffff max_cycles: 0xffffffff, max_idle_ns: 7645041785100000 ns
[    0.280044] futex hash table entries: 512 (order: 3, 32768 bytes)
[    0.284130] pinctrl core: initialized pinctrl subsystem
[    0.288275] RTC time: 15:34:03, date: 08/11/24
[    0.292468] NET: Registered protocol family 16
[    0.296100] audit: initializing netlink subsys (disabled)
[    0.300062] audit: type=2000 audit(1723390447.792:1): state=initialized audit_enabled=0 res=1
[    0.304012] cpuidle: using governor ladder
[    0.306997] cpuidle: using governor menu
[    0.308074] ACPI: bus type PCI registered
[    0.312004] acpiphp: ACPI Hot Plug PCI Controller Driver version: 0.5
[    0.316392] PCI: Using configuration type 1 for base access
[    0.324113] HugeTLB registered 2.00 MiB page size, pre-allocated 0 pages
[    0.328190] ACPI: Added _OSI(Module Device)
[    0.331003] ACPI: Added _OSI(Processor Device)
[    0.332041] ACPI: Added _OSI(3.0 _SCP Extensions)
[    0.336012] ACPI: Added _OSI(Processor Aggregator Device)
[    0.340007] ACPI: Added _OSI(Linux-Dell-Video)
[    0.344006] ACPI: Added _OSI(Linux-Lenovo-NV-HDMI-Audio)
[    0.347428] ACPI: Added _OSI(Linux-HPI-Hybrid-Graphics)
[    0.352119] ACPI: Executed 1 blocks of module-level executable AML code
[    0.360992] ACPI: Interpreter enabled
[    0.363901] ACPI: (supports S0 S5)
[    0.364006] ACPI: Using IOAPIC for interrupt routing
[    0.368612] PCI: Using host bridge windows from ACPI; if necessary, use "pci=nocrs" and report a bug
[    0.372258] ACPI: Enabled 2 GPEs in block 00 to 07
[    0.386428] ACPI: PCI Root Bridge [PCI0] (domain 0000 [bus 00-ff])
[    0.388021] acpi PNP0A03:00: _OSC: OS supports [ASPM ClockPM Segments MSI]
[    0.392862] acpi PNP0A03:00: _OSC: not requesting OS control; OS requires [ExtendedConfig ASPM ClockPM MSI]
[    0.396021] acpi PNP0A03:00: fail to add MMCONFIG information, can't access extended PCI configuration space under this bridge.
[    0.400771] PCI host bridge to bus 0000:00
[    0.404005] pci_bus 0000:00: root bus resource [io  0x0000-0x0cf7 window]
[    0.408007] pci_bus 0000:00: root bus resource [io  0x0d00-0xffff window]
[    0.412013] pci_bus 0000:00: root bus resource [mem 0x000a0000-0x000bffff window]
[    0.416026] pci_bus 0000:00: root bus resource [mem 0x40000000-0xfdffffff window]
[    0.420007] pci_bus 0000:00: root bus resource [bus 00-ff]
[    0.430175] pci 0000:00:01.1: legacy IDE quirk: reg 0x10: [io  0x01f0-0x01f7]
[    0.432007] pci 0000:00:01.1: legacy IDE quirk: reg 0x14: [io  0x03f6]
[    0.436006] pci 0000:00:01.1: legacy IDE quirk: reg 0x18: [io  0x0170-0x0177]
[    0.440010] pci 0000:00:01.1: legacy IDE quirk: reg 0x1c: [io  0x0376]
[    0.513372] pci 0000:00:07.0: quirk: [io  0x4000-0x403f] claimed by PIIX4 ACPI
[    0.516039] pci 0000:00:07.0: quirk: [io  0x4100-0x410f] claimed by PIIX4 SMB
[    0.541240] ACPI: PCI Interrupt Link [LNKA] (IRQs 5 9 10 *11)
[    0.548497] ACPI: PCI Interrupt Link [LNKB] (IRQs 5 9 *10 11)
[    0.552331] ACPI: PCI Interrupt Link [LNKC] (IRQs 5 *9 10 11)
[    0.556276] ACPI: PCI Interrupt Link [LNKD] (IRQs 5 9 10 *11)
[    0.564313] SCSI subsystem initialized
[    0.568100] pci 0000:00:02.0: vgaarb: setting as boot VGA device
[    0.572000] pci 0000:00:02.0: vgaarb: VGA device added: decodes=io+mem,owns=io+mem,locks=none
[    0.572023] pci 0000:00:02.0: vgaarb: bridge control possible
[    0.576005] vgaarb: loaded
[    0.580071] ACPI: bus type USB registered
[    0.583466] usbcore: registered new interface driver usbfs
[    0.584081] usbcore: registered new interface driver hub
[    0.588025] usbcore: registered new device driver usb
[    0.592155] EDAC MC: Ver: 3.0.0
[    0.596423] PCI: Using ACPI for IRQ routing
[    0.601059] NetLabel: Initializing
[    0.604007] NetLabel:  domain hash size = 128
[    0.608005] NetLabel:  protocols = UNLABELED CIPSOv4 CALIPSO
[    0.612027] NetLabel:  unlabeled traffic allowed by default
[    0.616197] clocksource: Switched to clocksource kvm-clock
[    0.647622] VFS: Disk quotas dquot_6.6.0
[    0.650607] VFS: Dquot-cache hash table entries: 512 (order 0, 4096 bytes)
[    0.655604] AppArmor: AppArmor Filesystem Enabled
[    0.658640] pnp: PnP ACPI init
[    0.663440] pnp: PnP ACPI: found 3 devices
[    0.685261] clocksource: acpi_pm: mask: 0xffffff max_cycles: 0xffffff, max_idle_ns: 2085701024 ns
[    0.692067] NET: Registered protocol family 2
[    0.696654] IP idents hash table entries: 16384 (order: 5, 131072 bytes)
[    0.701749] TCP established hash table entries: 8192 (order: 4, 65536 bytes)
[    0.707129] TCP bind hash table entries: 8192 (order: 5, 131072 bytes)
[    0.711908] TCP: Hash tables configured (established 8192 bind 8192)
[    0.716599] UDP hash table entries: 512 (order: 2, 16384 bytes)
[    0.721013] UDP-Lite hash table entries: 512 (order: 2, 16384 bytes)
[    0.725022] NET: Registered protocol family 1
[    0.728391] pci 0000:00:00.0: Limiting direct PCI/PCI transfers
[    0.733452] pci 0000:00:01.0: Activating ISA DMA hang workarounds
[    0.738370] pci 0000:00:02.0: Video device with shadowed ROM at [mem 0x000c0000-0x000dffff]
[    0.744296] Unpacking initramfs...
[    1.128140] Freeing initrd memory: 19528K
[    1.132203] clocksource: tsc: mask: 0xffffffffffffffff max_cycles: 0x1faf0e0c02f, max_idle_ns: 440795276952 ns
[    1.140777] platform rtc_cmos: registered platform RTC device (no PNP device found)
[    1.146440] Scanning for low memory corruption every 60 seconds
[    1.151318] Initialise system trusted keyrings
[    1.155080] Key type blacklist registered
[    1.158169] workingset: timestamp_bits=36 max_order=18 bucket_order=0
[    1.165633] zbud: loaded
[    1.168895] squashfs: version 4.0 (2009/01/31) Phillip Lougher
[    1.173223] fuse init (API version 7.26)
[    1.188670] Key type asymmetric registered
[    1.191286] Asymmetric key parser 'x509' registered
[    1.195078] Block layer SCSI generic (bsg) driver version 0.4 loaded (major 246)
[    1.200932] io scheduler noop registered
[    1.203855] io scheduler deadline registered
[    1.206760] io scheduler cfq registered (default)
[    1.211024] ACPI: AC Adapter [AC] (on-line)
[    1.214189] input: Power Button as /devices/LNXSYSTM:00/LNXPWRBN:00/input/input0
[    1.219480] ACPI: Power Button [PWRF]
[    1.222425] input: Sleep Button as /devices/LNXSYSTM:00/LNXSLPBN:00/input/input1
[    1.227736] ACPI: Sleep Button [SLPF]
[    1.233226] ACPI: Battery Slot [BAT0] (battery present)
[    1.237425] Serial: 8250/16550 driver, 32 ports, IRQ sharing enabled
[    1.268669] 00:02: ttyS0 at I/O 0x3f8 (irq = 4, base_baud = 115200) is a 16550A
[    1.281071] Linux agpgart interface v0.103
[    1.289029] loop: module loaded
[    1.293499] scsi host0: ata_piix
[    1.297369] scsi host1: ata_piix
[    1.299815] ata1: PATA max UDMA/33 cmd 0x1f0 ctl 0x3f6 bmdma 0xd000 irq 14
[    1.304477] ata2: PATA max UDMA/33 cmd 0x170 ctl 0x376 bmdma 0xd008 irq 15
[    1.309173] tun: Universal TUN/TAP device driver, 1.6
[    1.313877] PPP generic driver version 2.4.2
[    1.317050] ehci_hcd: USB 2.0 'Enhanced' Host Controller (EHCI) Driver
[    1.321989] ehci-pci: EHCI PCI platform driver
[    1.324930] ehci-platform: EHCI generic platform driver
[    1.329582] ohci_hcd: USB 1.1 'Open' Host Controller (OHCI) Driver
[    1.333881] ohci-pci: OHCI PCI platform driver
[    1.336927] ohci-platform: OHCI generic platform driver
[    1.340518] uhci_hcd: USB Universal Host Controller Interface driver
[    1.345238] i8042: PNP: PS/2 Controller [PNP0303:PS2K,PNP0f03:PS2M] at 0x60,0x64 irq 1,12
[    1.353401] serio: i8042 KBD port at 0x60,0x64 irq 1
[    1.356815] serio: i8042 AUX port at 0x60,0x64 irq 12
[    1.360966] mousedev: PS/2 mouse device common for all mice
[    1.368632] input: AT Translated Set 2 keyboard as /devices/platform/i8042/serio0/input/input2
[    1.372727] rtc_cmos rtc_cmos: rtc core: registered rtc_cmos as rtc0
[    1.418734] rtc_cmos rtc_cmos: alarms up to one day, 114 bytes nvram
[    1.425386] i2c /dev entries driver
[    1.435799] device-mapper: uevent: version 1.0.3
[    1.439454] device-mapper: ioctl: 4.37.0-ioctl (2017-09-20) initialised: dm-devel@redhat.com
[    1.446485] ledtrig-cpu: registered to indicate activity on CPUs
[    1.452556] NET: Registered protocol family 10
[    1.462846] Segment Routing with IPv6
[    1.465977] NET: Registered protocol family 17
[    1.498207] Key type dns_resolver registered
[    1.526354] mce: Using 0 MCE banks
[    1.529637] RAS: Correctable Errors collector initialized.
[    1.530310] sched_clock: Marking stable (1526310618, 0)->(2159151976, -632841358)
[    1.541504] registered taskstats version 1
[    1.544841] Loading compiled-in X.509 certificates
[    1.552351] Loaded X.509 cert 'Build time autogenerated kernel key: b5b26778eaa3ab3a4a6cee031137706e947d12ad'
[    1.560132] Loaded X.509 cert 'Canonical Ltd. Live Patch Signing: 14df34d1a87cf37625abec039ef2bf521249b969'
[    1.567852] Loaded X.509 cert 'Canonical Ltd. Kernel Module Signing: 88f752e560a1e0737e31163a466ad7b70a850c19'
[    1.574954] blacklist: Loading compiled-in revocation X.509 certificates
[    1.579964] Loaded X.509 cert 'Canonical Ltd. Secure Boot Signing: 61482aa2830d0ab2ad5af10b7250da9033ddcef0'
[    1.587099] Loaded X.509 cert 'Canonical Ltd. Secure Boot Signing (2017): 242ade75ac4a15e50d50c84b0d45ff3eae707a03'
[    1.594463] Loaded X.509 cert 'Canonical Ltd. Secure Boot Signing (ESM 2018): 365188c1d374d6b07c3c8f240f8ef722433d6a8b'
[    1.601998] Loaded X.509 cert 'Canonical Ltd. Secure Boot Signing (2019): c0746fd6c5da3ae827864651ad66ae47fe24b3e8'
[    1.609420] Loaded X.509 cert 'Canonical Ltd. Secure Boot Signing (2021 v1): a8d54bbb3825cfb94fa13c9f8a594a195c107b8d'
[    1.616848] Loaded X.509 cert 'Canonical Ltd. Secure Boot Signing (2021 v2): 4cf046892d6fd3c9a5b03f98d845f90851dc6a8c'
[    1.625576] Loaded X.509 cert 'Canonical Ltd. Secure Boot Signing (2021 v3): 100437bb6de6e469b581e61cd66bce3ef4ed53af'
[    1.633851] Loaded X.509 cert 'Canonical Ltd. Secure Boot Signing (Ubuntu Core 2019): c1d57b8f6b743f23ee41f4f7ee292f06eecadfb9'
[    1.642623] zswap: loaded using pool lzo/zbud
[    1.655969] Key type big_key registered
[    1.659901] Key type trusted registered
[    1.668156] Key type encrypted registered
[    1.672638] AppArmor: AppArmor sha1 policy hashing enabled
[    1.677334] ima: No TPM chip found, activating TPM-bypass! (rc=-19)
[    1.682729] ima: Allocated hash algorithm: sha1
[    1.687634] evm: HMAC attrs: 0x1
[    1.693384]   Magic number: 4:459:588
[    1.697840] rtc_cmos rtc_cmos: setting system clock to 2024-08-11 15:34:04 UTC (1723390444)
[    1.705665] BIOS EDD facility v0.16 2004-Jun-25, 0 devices found
[    1.711915] EDD information not available.
[    1.720369] Freeing unused kernel image memory: 2480K
[    1.740102] Write protecting the kernel read-only data: 20480k
[    1.746880] Freeing unused kernel image memory: 2008K
[    1.752540] Freeing unused kernel image memory: 1820K
[    1.763756] x86/mm: Checked W+X mappings: passed, no W+X pages found.
[    1.769568] x86/mm: Checking user space page tables
[    1.781898] x86/mm: Checked W+X mappings: passed, no W+X pages found.
Loading, please wait...
starting version 237
[    1.926540] Fusion MPT base driver 3.04.20
[    1.930415] Copyright (c) 1999-2008 LSI Corporation
[    1.955358] e1000: Intel(R) PRO/1000 Network Driver - version 7.3.21-k8-NAPI
[    1.961901] e1000: Copyright (c) 1999-2006 Intel Corporation.
[    1.982884] AVX2 version of gcm_enc/dec engaged.
[    1.987390] AES CTR mode by8 optimization enabled
[    2.003392] Fusion MPT SPI Host driver 3.04.20
[    2.208973] input: ImExPS/2 Generic Explorer Mouse as /devices/platform/i8042/serio1/input/input4
[    2.537872] e1000 0000:00:03.0 eth0: (PCI:33MHz:32-bit) 02:3b:7b:b7:3b:2d
[    2.542717] e1000 0000:00:03.0 eth0: Intel(R) PRO/1000 Network Connection
[    3.085694] e1000 0000:00:08.0 eth1: (PCI:33MHz:32-bit) 08:00:27:f3:53:77
[    3.090541] e1000 0000:00:08.0 eth1: Intel(R) PRO/1000 Network Connection
[    3.098752] e1000 0000:00:08.0 enp0s8: renamed from eth1
[    3.104897] mptbase: ioc0: Initiating bringup
[    3.116379] e1000 0000:00:03.0 enp0s3: renamed from eth0
[    3.214072] ioc0: LSI53C1030 A0: Capabilities={Initiator}
[    3.463060] scsi host2: ioc0: LSI53C1030 A0, FwRev=00000000h, Ports=1, MaxQ=256, IRQ=20
[    3.638052] scsi 2:0:0:0: Direct-Access     VBOX     HARDDISK         1.0  PQ: 0 ANSI: 5
[    3.676239] scsi target2:0:0: Beginning Domain Validation
[    3.686026] scsi target2:0:0: Domain Validation skipping write tests
[    3.690594] scsi target2:0:0: Ending Domain Validation
[    3.695495] scsi target2:0:0: asynchronous
[    3.700363] scsi 2:0:1:0: Direct-Access     VBOX     HARDDISK         1.0  PQ: 0 ANSI: 5
[    3.732382] scsi target2:0:1: Beginning Domain Validation
[    3.741812] scsi target2:0:1: Domain Validation skipping write tests
[    3.746388] scsi target2:0:1: Ending Domain Validation
[    3.750798] scsi target2:0:1: asynchronous
[    3.763214] sd 2:0:0:0: Attached scsi generic sg0 type 0
[    3.767652] sd 2:0:1:0: Attached scsi generic sg1 type 0
[    3.771748] sd 2:0:0:0: [sda] 83886080 512-byte logical blocks: (42.9 GB/40.0 GiB)
[    3.777973] sd 2:0:0:0: [sda] Write Protect is off
[    3.782202] sd 2:0:1:0: [sdb] 20480 512-byte logical blocks: (10.5 MB/10.0 MiB)
[    3.787652] sd 2:0:1:0: [sdb] Write Protect is off
[    3.793459] sd 2:0:0:0: [sda] Incomplete mode parameter data
[    3.798075] sd 2:0:0:0: [sda] Assuming drive cache: write through
[    3.802979] sd 2:0:1:0: [sdb] Incomplete mode parameter data
[    3.807727] sd 2:0:1:0: [sdb] Assuming drive cache: write through
[    3.815194]  sda: sda1
[    3.819552] sd 2:0:0:0: [sda] Attached SCSI disk
[    3.824982] sd 2:0:1:0: [sdb] Attached SCSI disk
Begin: Loading essential drivers ... [    6.192368] raid6: sse2x1   gen()  8562 MB/s
[    6.244072] raid6: sse2x1   xor()  5605 MB/s
[    6.292823] raid6: sse2x2   gen() 10137 MB/s
[    6.340363] raid6: sse2x2   xor()  7073 MB/s
[    6.392093] raid6: sse2x4   gen() 12750 MB/s
[    6.440394] raid6: sse2x4   xor()  8096 MB/s
[    6.493257] raid6: avx2x1   gen() 17415 MB/s
[    6.544394] raid6: avx2x1   xor() 12582 MB/s
[    6.592637] raid6: avx2x2   gen() 20373 MB/s
[    6.644130] raid6: avx2x2   xor() 12727 MB/s
[    6.692792] raid6: avx2x4   gen() 21898 MB/s
[    6.762612] raid6: avx2x4   xor()  6255 MB/s
[    6.772240] raid6: using algorithm avx2x4 gen() 21898 MB/s
[    6.781243] raid6: .... xor() 6255 MB/s, rmw enabled
[    6.786626] raid6: using avx2x2 recovery algorithm
[    6.794180] xor: automatically using best checksumming function   avx       
[    6.801293] async_tx: api initialized (async)
done.
Begin: Running /scripts/init-premount ... done.
Begin: Mounting root file system ... Begin: Running /scripts/local-top ... done.
Begin: Running /scripts/local-premount ... [    6.879979] Btrfs loaded, crc32c=crc32c-intel
Scanning for Btrfs filesystems
done.
Warning: fsck not present, so skipping root file system
[    6.928304] EXT4-fs (sda1): mounted filesystem with ordered data mode. Opts: (null)
done.
Begin: Running /scripts/local-bottom ... done.
Begin: Running /scripts/init-bottom ... done.
[    7.118406] ip_tables: (C) 2000-2006 Netfilter Core Team
[    7.134551] systemd[1]: systemd 237 running in system mode. (+PAM +AUDIT +SELINUX +IMA +APPARMOR +SMACK +SYSVINIT +UTMP +LIBCRYPTSETUP +GCRYPT +GNUTLS +ACL +XZ +LZ4 +SECCOMP +BLKID +ELFUTILS +KMOD -IDN2 +IDN -PCRE2 default-hierarchy=hybrid)
[    7.148851] systemd[1]: Detected virtualization oracle.
[    7.153611] systemd[1]: Detected architecture x86-64.

Welcome to [1mUbuntu 18.04.6 LTS[0m!

[    7.176363] systemd[1]: Set hostname to <ubuntu>.
[    7.184407] systemd[1]: Initializing machine ID from random generator.
[    7.194375] systemd[1]: Installed transient /etc/machine-id file.
[    7.458836] systemd[1]: Reached target Swap.
[[0;32m  OK  [0m] Reached target Swap.
[    7.470978] systemd[1]: Created slice User and Session Slice.
[[0;32m  OK  [0m] Created slice User and Session Slice.
[    7.478945] systemd[1]: Created slice System Slice.
[[0;32m  OK  [0m] Created slice System Slice.
[    7.485762] systemd[1]: Listening on Journal Socket.
[[0;32m  OK  [0m] Listening on Journal Socket.
[[0;32m  OK  [0m] Listening on Journal Audit Socket.
[[0;32m  OK  [0m] Listening on LVM2 poll daemon socket.
         Mounting POSIX Message Queue File System...
         Starting Load Kernel Modules...
         Mounting Kernel Debug File System...
[[0;32m  OK  [0m] Set up automount Arbitrary Executab…rmats File System Automount Point.
[[0;32m  OK  [0m] Listening on Syslog Socket.
[[0;32m  OK  [0m] Listening on Journal Socket (/dev/log).
[[0;32m  OK  [0m] Listening on LVM2 metadata daemon socket.
[[0;32m  OK  [0m] Listening on udev Kernel Socket.
[[0;32m  OK  [0m] Reached target System Time Synchronized.
         Starting Create list of required st…ce nodes for the current kernel...
[[0;32m  OK  [0m] [    7.544110] Loading iSCSI transport class v2.0-870.
Reached target User and Group Name Lookups.
[[0;32m  OK  [0m] Listening on udev Control Socket.
         Starting Set the console keyboard layout...
[[0;32m  OK  [0m] Listening on /dev/initctl Compatibility Named Pipe.
[    7.562615] iscsi: registered transport (tcp)
[[0;32m  OK  [0m] Listening on Network Service Netlink Socket.
[[0;32m  OK  [0m] Listening on fsck to fsckd communication Socket.
         Starting File System Check on Root Device...
[[0;32m  OK  [0m] Reached target Mounting snaps.
[[0;32m  OK  [0m] Reached target Mounted snaps.
         Starting Uncomplicated firewall...
         Starting Journal Service...
[[0;32m  OK  [0m] Started Forward Password Requests to Wall Directory Watch.
         Starting udev Coldplug all Devices...
[[0;32m  OK  [0m] Listening on Device-mapper event daemon FIFOs.
         Starting Monitoring of LVM2 mirrors…ng dmeventd or progress polling...
[[0;32m  OK  [0m] Reached target Slices.
[    7.623847] iscsi: registered transport (iser)
[[0;32m  OK  [0m] Created slice system-serial\x2dgetty.slice.
         Mounting Huge Pages File System...
[[0;32m  OK  [0m] Mounted POSIX Message Queue File System.
[[0;32m  OK  [0m] Started Load Kernel Modules.
[[0;32m  OK  [0m] Mounted Kernel Debug File System.
[[0;32m  OK  [0m] Started Create list of required sta…vice nodes for the current kernel.
[[0;32m  OK  [0m] Started Uncomplicated firewall.
[[0;32m  OK  [0m] Mounted Huge Pages File System.
[[0;32m  OK  [0m] Started File System Check Daemon to report status.
         Starting Create Static Device Nodes in /dev...
         Starting Apply Kernel Variables...
         Mounting FUSE Control File System...
         Mounting Kernel Configuration File System...
[[0;32m  OK  [0m] Mounted FUSE Control File System.
[[0;32m  OK  [0m] Mounted Kernel Configuration File System.
[[0;32m  OK  [0m] Started LVM2 metadata daemon.
[[0;32m  OK  [0m] Started Journal Service.
[[0;32m  OK  [0m] Started File System Check on Root Device.
         Starting Remount Root and Kernel File Systems...
[[0;32m  OK  [0m] Started Create Static Device Nodes in /dev.
[[0;32m  OK  [0m] Started udev Coldplug all Devices.
[[0;32m  OK  [0m] Started Apply Kernel Variables.
[[0;32m  OK  [0m] Started Remount Root and Kernel File Systems.
         Starting Load/Save Random Seed...
         Starting udev Kernel Device Manager...
         Starting Flush Journal to Persistent Storage...
[[0;32m  OK  [0m] Started Monitoring of LVM2 mirrors,…sing dmeventd or progress polling.
[[0;32m  OK  [0m] Started Load/Save Random Seed.
[[0;32m  OK  [0m] Started udev Kernel Device Manager.
[[0;32m  OK  [0m] Started Flush Journal to Persistent Storage.
[[0;32m  OK  [0m] Found device /dev/ttyS0.
[[0;32m  OK  [0m] Listening on Load/Save RF Kill Switch Status /dev/rfkill Watch.
         Mounting Arbitrary Executable File Formats File System...
[[0;32m  OK  [0m] Mounted Arbitrary Executable File Formats File System.
[[0;32m  OK  [0m] Started Set the console keyboard layout.
[[0;32m  OK  [0m] Started Dispatch Password Requests to Console Directory Watch.
[[0;32m  OK  [0m] Reached target Local Encrypted Volumes.
[[0;32m  OK  [0m] Reached target Local File Systems (Pre).
[[0;32m  OK  [0m] Reached target Local File Systems.
         Starting Commit a transient machine-id on disk...
         Starting Set console font and keymap...
         Starting ebtables ruleset management...
         Starting Create Volatile Files and Directories...
         Starting Tell Plymouth To Write Out Runtime Data...
         Starting AppArmor initialization...
[[0;32m  OK  [0m] Started Tell Plymouth To Write Out Runtime Data.
[[0;32m  OK  [0m] Started Create Volatile Files and Directories.
         Starting Update UTMP about System Boot/Shutdown...
[[0;32m  OK  [0m] Started Update UTMP about System Boot/Shutdown.
[[0;32m  OK  [0m] Started Commit a transient machine-id on disk.
[[0;32m  OK  [0m] Started ebtables ruleset management.
[[0;32m  OK  [0m] Started AppArmor initialization.
         Starting Load AppArmor profiles managed internally by snapd...
         Starting Initial cloud-init job (pre-networking)...
[[0;32m  OK  [0m] Started Load AppArmor profiles managed internally by snapd.
[[0;32m  OK  [0m] Started Set console font and keymap.
[   12.573315] cloud-init[837]: Cloud-init v. 23.1.2-0ubuntu0~18.04.1 running 'init-local' at Sun, 11 Aug 2024 15:34:14 +0000. Up 12.13 seconds.
[[0;32m  OK  [0m] Started Initial cloud-init job (pre-networking).
[[0;32m  OK  [0m] Reached target Network (Pre).
         Starting Network Service...
[[0;32m  OK  [0m] Started Network Service.
         Starting Network Name Resolution...
         Starting Wait for Network to be Configured...
[[0;32m  OK  [0m] Started Network Name Resolution.
[[0;32m  OK  [0m] Reached target Network.
[[0;32m  OK  [0m] Reached target Host and Network Name Lookups.
[[0;32m  OK  [0m] Started Wait for Network to be Configured.
         Starting Initial cloud-init job (metadata service crawler)...
[   15.330858] cloud-init[991]: Cloud-init v. 23.1.2-0ubuntu0~18.04.1 running 'init' at Sun, 11 Aug 2024 15:34:17 +0000. Up 15.11 seconds.
[   15.340903] cloud-init[991]: ci-info: ++++++++++++++++++++++++++++++++++++++Net device info+++++++++++++++++++++++++++++++++++++++
[   15.347642] cloud-init[991]: ci-info: +--------+-------+----------------------------+---------------+--------+-------------------+
[   15.354425] cloud-init[991]: ci-info: | Device |   Up  |          Address           |      Mask     | Scope  |     Hw-Address    |
[   15.361849] cloud-init[991]: ci-info: +--------+-------+----------------------------+---------------+--------+-------------------+
[   15.368713] cloud-init[991]: ci-info: | enp0s3 |  True |         10.0.2.15          | 255.255.255.0 | global | 02:3b:7b:b7:3b:2d |
[   15.376766] cloud-init[991]: ci-info: | enp0s3 |  True | fe80::3b:7bff:feb7:3b2d/64 |       .       |  link  | 02:3b:7b:b7:3b:2d |
[   15.384082] cloud-init[991]: ci-info: | enp0s8 | False |             .              |       .       |   .    | 08:00:27:f3:53:77 |
[   15.392336] cloud-init[991]: ci-info: |   lo   |  True |         127.0.0.1          |   255.0.0.0   |  host  |         .         |
[   15.399258] cloud-init[991]: ci-info: |   lo   |  True |          ::1/128           |       .       |  host  |         .         |
[   15.408541] cloud-init[991]: ci-info: +--------+-------+----------------------------+---------------+--------+-------------------+
[   15.414578] cloud-init[991]: ci-info: ++++++++++++++++++++++++++++Route IPv4 info+++++++++++++++++++++++++++++
[   15.420094] cloud-init[991]: ci-info: +-------+-------------+----------+-----------------+-----------+-------+
[   15.426272] cloud-init[991]: ci-info: | Route | Destination | Gateway  |     Genmask     | Interface | Flags |
[   15.431260] cloud-init[991]: ci-info: +-------+-------------+----------+-----------------+-----------+-------+
[   15.437110] cloud-init[991]: ci-info: |   0   |   0.0.0.0   | 10.0.2.2 |     0.0.0.0     |   enp0s3  |   UG  |
[   15.445018] cloud-init[991]: ci-info: |   1   |   10.0.2.0  | 0.0.0.0  |  255.255.255.0  |   enp0s3  |   U   |
[   15.449987] cloud-init[991]: ci-info: |   2   |   10.0.2.2  | 0.0.0.0  | 255.255.255.255 |   enp0s3  |   UH  |
[   15.454610] cloud-init[991]: ci-info: +-------+-------------+----------+-----------------+-----------+-------+
[   15.461308] cloud-init[991]: ci-info: +++++++++++++++++++Route IPv6 info+++++++++++++++++++
[   15.465721] cloud-init[991]: ci-info: +-------+-------------+---------+-----------+-------+
[   15.469899] cloud-init[991]: ci-info: | Route | Destination | Gateway | Interface | Flags |
[   15.475294] cloud-init[991]: ci-info: +-------+-------------+---------+-----------+-------+
[   15.480471] cloud-init[991]: ci-info: |   1   |  fe80::/64  |    ::   |   enp0s3  |   U   |
[   15.485617] cloud-init[991]: ci-info: |   3   |    local    |    ::   |   enp0s3  |   U   |
[   15.492441] cloud-init[991]: ci-info: |   4   |   ff00::/8  |    ::   |   enp0s3  |   U   |
[   15.495299] cloud-init[991]: ci-info: +-------+-------------+---------+-----------+-------+
[   16.285541] cloud-init[991]: Generating public/private rsa key pair.
[   16.288500] cloud-init[991]: Your identification has been saved in /etc/ssh/ssh_host_rsa_key.
[   16.291249] cloud-init[991]: Your public key has been saved in /etc/ssh/ssh_host_rsa_key.pub.
[   16.294421] cloud-init[991]: The key fingerprint is:
[   16.296542] cloud-init[991]: SHA256:4Lf3Tvr8nvadvzvXHODSiPbtV/Qlog8n511MpCDPx4o root@ubuntu-bionic
[   16.299948] cloud-init[991]: The key's randomart image is:
[   16.301652] cloud-init[991]: +---[RSA 2048]----+
[   16.303052] cloud-init[991]: |                 |
[   16.305178] cloud-init[991]: |          . .   .|
[   16.306706] cloud-init[991]: |      .    + o o |
[   16.308144] cloud-init[991]: |     . .    +.= +|
[   16.337185] cloud-init[991]: |      . S .o++.=o|
[   16.339199] cloud-init[991]: |       . +Eo+o .=|
[   16.340976] cloud-init[991]: |        o oB+. o+|
[   16.342682] cloud-init[991]: |         . *o.o+*|
[   16.344401] cloud-init[991]: |          .o*===X|
[   16.345999] cloud-init[991]: +----[SHA256]-----+
[   16.347662] cloud-init[991]: Generating public/private dsa key pair.
[   16.349601] cloud-init[991]: Your identification has been saved in /etc/ssh/ssh_host_dsa_key.
[   16.352238] cloud-init[991]: Your public key has been saved in /etc/ssh/ssh_host_dsa_key.pub.
[   16.355317] cloud-init[991]: The key fingerprint is:
[   16.356880] cloud-init[991]: SHA256:APMRMInRahUXF7oT6477v8Cl6HhkdrUZ4zAgN4Uodak root@ubuntu-bionic
[   16.359737] cloud-init[991]: The key's randomart image is:
[   16.361477] cloud-init[991]: +---[DSA 1024]----+
[   16.363100] cloud-init[991]: | .o=BB*oo.       |
[   16.365031] cloud-init[991]: |. +.X* +         |
[   16.367053] cloud-init[991]: | . * o=          |
[   16.368936] cloud-init[991]: |  E   o=+        |
[   16.370453] cloud-init[991]: | .    +=S=       |
[   16.372278] cloud-init[991]: |    ++.++        |
[   16.373900] cloud-init[991]: |   +..=          |
[   16.375483] cloud-init[991]: |   o.o .         |
[   16.377347] cloud-init[991]: |  ..+oo.o.       |
[   16.379040] cloud-init[991]: +----[SHA256]-----+
[   16.381096] cloud-init[991]: Generating public/private ecdsa key pair.
[   16.383026] cloud-init[991]: Your identification has been saved in /etc/ssh/ssh_host_ecdsa_key.
[   16.385780] cloud-init[991]: Your public key has been saved in /etc/ssh/ssh_host_ecdsa_key.pub.
[   16.389028] cloud-init[991]: The key fingerprint is:
[   16.390959] cloud-init[991]: SHA256:JBS2WFGMuV/d0wdvhvSbQXLM8SREDF4OdZmrqXKn9z8 root@ubuntu-bionic
[   16.393983] cloud-init[991]: The key's randomart image is:
[   16.395662] cloud-init[991]: +---[ECDSA 256]---+
[   16.397709] cloud-init[991]: |      *B.   o*O.*|
[   16.399613] cloud-init[991]: |     =o..  . =+@.|
[   16.401233] cloud-init[991]: |    . o..  ..o=*o|
[   16.402663] cloud-init[991]: |      .o  . . +oB|
[   16.404313] cloud-init[991]: |       .S.    o+=|
[   16.406480] cloud-init[991]: |        .    o o |
[   16.408347] cloud-init[991]: |            .    |
[   16.410250] cloud-init[991]: |         . o o E |
[   16.412052] cloud-init[991]: |          o.+ ..+|
[   16.413826] cloud-init[991]: +----[SHA256]-----+
[   16.415322] cloud-init[991]: Generating public/private ed25519 key pair.
[   16.417684] cloud-init[991]: Your identification has been saved in /etc/ssh/ssh_host_ed25519_key.
[   16.421609] cloud-init[991]: Your public key has been saved in /etc/ssh/ssh_host_ed25519_key.pub.
[   16.424427] cloud-init[991]: The key fingerprint is:
[   16.426210] cloud-init[991]: SHA256:rQvqDbC7bf98e52XIMISygOkVpo5YlstNQUey9ZxJ04 root@ubuntu-bionic
[   16.429455] cloud-init[991]: The key's randomart image is:
[   16.431969] cloud-init[991]: +--[ED25519 256]--+
[   16.433895] cloud-init[991]: |     ooo E .     |
[   16.435662] cloud-init[991]: |   ooo+ = o      |
[   16.438202] cloud-init[991]: |  B o=.. .       |
[   16.440040] cloud-init[991]: |.O +.. . .       |
[   16.441864] cloud-init[991]: |+ = + . S .      |
[   16.443732] cloud-init[991]: | . o + . + . .   |
[   16.445481] cloud-init[991]: |  . . o o . .....|
[   16.447829] cloud-init[991]: |   o.+ o .. . o..|
[   16.449629] cloud-init[991]: |  o++.o.+..o   . |
[   16.451229] cloud-init[991]: +----[SHA256]-----+
[[0;32m  OK  [0m] Started Initial cloud-init job (metadata service crawler).
[[0;32m  OK  [0m] Reached target Network is Online.
         Starting Availability of block devices...
[[0;32m  OK  [0m] Reached target Remote File Systems (Pre).
[[0;32m  OK  [0m] Reached target Remote File Systems.
[[0;32m  OK  [0m] Reached target Cloud-config availability.
[[0;32m  OK  [0m] Reached target System Initialization.
[[0;32m  OK  [0m] Listening on UUID daemon activation socket.
[[0;32m  OK  [0m] Listening on ACPID Listen Socket.
[[0;32m  OK  [0m] Started Daily Cleanup of Temporary Directories.
[[0;32m  OK  [0m] Listening on D-Bus System Message Bus Socket.
[[0;32m  OK  [0m] Started ACPI Events Check.
[[0;32m  OK  [0m] Reached target Paths.
[[0;32m  OK  [0m] Started Daily apt download activities.
[[0;32m  OK  [0m] Started Ubuntu Advantage Timer for running repeated jobs.
         Starting LXD - unix socket.
[[0;32m  OK  [0m] Listening on cloud-init hotplug hook socket.
[[0;32m  OK  [0m] Started Discard unused blocks once a week.
         Starting Socket activation for snappy daemon.
[[0;32m  OK  [0m] Started Daily apt upgrade and clean activities.
[[0;32m  OK  [0m] Started Message of the Day.
[[0;32m  OK  [0m] Listening on Open-iSCSI iscsid Socket.
[[0;32m  OK  [0m] Reached target Timers.
[[0;32m  OK  [0m] Started Availability of block devices.
[[0;32m  OK  [0m] Listening on LXD - unix socket.
[[0;32m  OK  [0m] Listening on Socket activation for snappy daemon.
[[0;32m  OK  [0m] Reached target Sockets.
[[0;32m  OK  [0m] Reached target Basic System.
         Starting Pollinate to seed the pseudo random number generator...
[[0;32m  OK  [0m] Started D-Bus System Message Bus.
         Starting Login Service...
[[0;32m  OK  [0m] Started FUSE filesystem for LXC.
         Starting LSB: automatic crash report generation...
[[0;32m  OK  [0m] Started Deferred execution scheduler.
         Starting Virtualbox guest utils...
         Starting LSB: Record successful boot for GRUB...
[[0;32m  OK  [0m] Started Regular background program processing daemon.
         Starting Dispatcher daemon for systemd-networkd...
         Starting Accounts Service...
         Starting Snap Daemon...
         Starting Permit User Sessions...
[[0;32m  OK  [0m] Reached target Login Prompts (Pre).
         Starting System Logging Service...
[[0;32m  OK  [0m] Started irqbalance daemon.
         Starting LXD - container startup/shutdown...
[[0;32m  OK  [0m] Started Permit User Sessions.
[[0;32m  OK  [0m] Started Login Service.
[[0;32m  OK  [0m] Started System Logging Service.
         Starting Authorization Manager...
[[0;32m  OK  [0m] Started Unattended Upgrades Shutdown.
         Starting Hold until boot process finishes up...
         Starting Terminate Plymouth Boot Screen...
[[0;32m  OK  [0m] Started Hold until boot process finishes up.
         Starting Set console scheme...
[[0;32m  OK  [0m] Started Serial Getty on ttyS0.
[[0;32m  OK  [0m] Started LSB: automatic crash report generation.
[[0;32m  OK  [0m] Started Terminate Plymouth Boot Screen.
[[0;32m  OK  [0m] Started Set console scheme.
[[0;32m  OK  [0m] Created slice system-getty.slice.
[[0;32m  OK  [0m] Started Getty on tty1.
[[0;32m  OK  [0m] Reached target Login Prompts.
[[0;32m  OK  [0m] Started Dispatcher daemon for systemd-networkd.
[[0;32m  OK  [0m] Started LXD - container startup/shutdown.
[[0;32m  OK  [0m] Started LSB: Record successful boot for GRUB.
[[0;32m  OK  [0m] Started Authorization Manager.
[[0;32m  OK  [0m] Started Accounts Service.
[[0;32m  OK  [0m] Started Virtualbox guest utils.
[[0;32m  OK  [0m] Started Snap Daemon.
         Starting Wait until snapd is fully seeded...
         Starting Time & Date Service...
[[0;32m  OK  [0m] Started Time & Date Service.
[[0;32m  OK  [0m] Started Pollinate to seed the pseudo random number generator.
         Starting OpenBSD Secure Shell server...
[[0;32m  OK  [0m] Started OpenBSD Secure Shell server.
[[0;32m  OK  [0m] Created slice User Slice of vagrant.
         Starting User Manager for UID 1000...
[[0;32m  OK  [0m] Started Session 1 of user vagrant.
[[0;32m  OK  [0m] Started User Manager for UID 1000.

Ubuntu 18.04.6 LTS ubuntu-bionic ttyS0

ubuntu-bionic login: [   35.863593] cloud-init[2394]: Cloud-init v. 23.1.2-0ubuntu0~18.04.1 running 'modules:config' at Sun, 11 Aug 2024 15:34:38 +0000. Up 35.47 seconds.
ci-info: no authorized SSH keys fingerprints found for user ubuntu.
<14>Aug 11 15:34:39 cloud-init: #############################################################
<14>Aug 11 15:34:39 cloud-init: -----BEGIN SSH HOST KEY FINGERPRINTS-----
<14>Aug 11 15:34:39 cloud-init: 1024 SHA256:APMRMInRahUXF7oT6477v8Cl6HhkdrUZ4zAgN4Uodak root@ubuntu-bionic (DSA)
<14>Aug 11 15:34:39 cloud-init: 256 SHA256:JBS2WFGMuV/d0wdvhvSbQXLM8SREDF4OdZmrqXKn9z8 root@ubuntu-bionic (ECDSA)
<14>Aug 11 15:34:39 cloud-init: 256 SHA256:rQvqDbC7bf98e52XIMISygOkVpo5YlstNQUey9ZxJ04 root@ubuntu-bionic (ED25519)
<14>Aug 11 15:34:39 cloud-init: 2048 SHA256:4Lf3Tvr8nvadvzvXHODSiPbtV/Qlog8n511MpCDPx4o root@ubuntu-bionic (RSA)
<14>Aug 11 15:34:39 cloud-init: -----END SSH HOST KEY FINGERPRINTS-----
<14>Aug 11 15:34:39 cloud-init: #############################################################
-----BEGIN SSH HOST KEY KEYS-----
ecdsa-sha2-nistp256 AAAAE2VjZHNhLXNoYTItbmlzdHAyNTYAAAAIbmlzdHAyNTYAAABBBN0lOsD0M8AT33+6hJO8ckVxFyBQyfx0k/BuUaCa2ApL1ZVI3S6N/dYe2qsfaPdX76WxB9RHxwE4tgoZKWUOA3g= root@ubuntu-bionic
ssh-ed25519 AAAAC3NzaC1lZDI1NTE5AAAAIOgxg8UFFZiGVf/C27WYVlH4Rz6sz5ifJ5BtAXv7/jS2 root@ubuntu-bionic
ssh-rsa AAAAB3NzaC1yc2EAAAADAQABAAABAQDSBVOlu5xXVkaLo0TTyfFcSaeRs2dLJfLfIYuuf/9aTOKrei1XFlY3thzSLDHw55y5I8SEW8J8S+gTf5HLbJS+2XCZ21AtFBB/gcVn87IgAXQGJu8f+ijqzxHkP4G6m/B+n+81PB8UzO2dGaY9Io9wBV4QMVLcS9v16jI3sNk71h1aO1ysEBzOlr/vUokcwplx83oX9MVbdrYpyC7K1JTzr3gYuFviBnJ+poOzg8Gx6D3hMZmp7hXGGpxd5F7Cr7YgT2FlZqEHBY6n8mcQ8LtPNePI9cJzu0VNCn+nYden871qCBay3vweLz2KrQyH8b4hnWt45zUHztgADrOQUed1 root@ubuntu-bionic
-----END SSH HOST KEY KEYS-----
[   36.664080] cloud-init[2443]: Cloud-init v. 23.1.2-0ubuntu0~18.04.1 running 'modules:final' at Sun, 11 Aug 2024 15:34:39 +0000. Up 36.41 seconds.
[   36.664253] cloud-init[2443]: Cloud-init v. 23.1.2-0ubuntu0~18.04.1 finished at Sun, 11 Aug 2024 15:34:39 +0000. Datasource DataSourceNoCloud [seed=/dev/sdb][dsmode=net].  Up 36.65 seconds
